[2024-03-15T21:17:54.789+0000] {taskinstance.py:1956} INFO - Dependencies all met for dep_context=non-requeueable deps ti=<TaskInstance: load_dag.pd_to_gbq_task manual__2024-03-15T21:12:16+00:00 [queued]>
[2024-03-15T21:17:54.799+0000] {taskinstance.py:1956} INFO - Dependencies all met for dep_context=requeueable deps ti=<TaskInstance: load_dag.pd_to_gbq_task manual__2024-03-15T21:12:16+00:00 [queued]>
[2024-03-15T21:17:54.800+0000] {taskinstance.py:2170} INFO - Starting attempt 1 of 1
[2024-03-15T21:17:54.814+0000] {taskinstance.py:2191} INFO - Executing <Task(PythonOperator): pd_to_gbq_task> on 2024-03-15 21:12:16+00:00
[2024-03-15T21:17:54.823+0000] {standard_task_runner.py:60} INFO - Started process 90 to run task
[2024-03-15T21:17:54.830+0000] {standard_task_runner.py:87} INFO - Running: ['***', 'tasks', 'run', 'load_dag', 'pd_to_gbq_task', 'manual__2024-03-15T21:12:16+00:00', '--job-id', '192', '--raw', '--subdir', 'DAGS_FOLDER/load_dag.py', '--cfg-path', '/tmp/tmpwmwzyogz']
[2024-03-15T21:17:54.834+0000] {standard_task_runner.py:88} INFO - Job 192: Subtask pd_to_gbq_task
[2024-03-15T21:17:54.854+0000] {warnings.py:109} WARNING - /home/***/.local/lib/python3.8/site-packages/***/settings.py:194: DeprecationWarning: The sql_alchemy_conn option in [core] has been moved to the sql_alchemy_conn option in [database] - the old setting has been used, but please update your config.
  SQL_ALCHEMY_CONN = conf.get("database", "SQL_ALCHEMY_CONN")

[2024-03-15T21:17:54.899+0000] {task_command.py:423} INFO - Running <TaskInstance: load_dag.pd_to_gbq_task manual__2024-03-15T21:12:16+00:00 [running]> on host 339a49b6b723
[2024-03-15T21:17:54.991+0000] {taskinstance.py:2480} INFO - Exporting env vars: AIRFLOW_CTX_DAG_OWNER='***' AIRFLOW_CTX_DAG_ID='load_dag' AIRFLOW_CTX_TASK_ID='pd_to_gbq_task' AIRFLOW_CTX_EXECUTION_DATE='2024-03-15T21:12:16+00:00' AIRFLOW_CTX_TRY_NUMBER='1' AIRFLOW_CTX_DAG_RUN_ID='manual__2024-03-15T21:12:16+00:00'
[2024-03-15T21:17:59.071+0000] {logging_mixin.py:188} INFO - {'overall': 1.0, 'reviewerID': 'A1INA0F5CWW3J4', 'asin': '0700099867', 'reviewerName': 'Amazon Shopper', 'unixReviewTime': 1403913600}
[2024-03-15T21:18:00.273+0000] {logging_mixin.py:188} INFO - Index(['overall', 'reviewerID', 'asin', 'reviewerName', 'unixReviewTime',
       'vote', 'style', 'image'],
      dtype='object')
[2024-03-15T21:18:06.516+0000] {gbq.py:618} INFO - 546577 out of 546577 rows loaded.
[2024-03-15T21:18:06.530+0000] {python.py:201} INFO - Done. Returned value was: None
[2024-03-15T21:18:06.749+0000] {taskinstance.py:1138} INFO - Marking task as SUCCESS. dag_id=load_dag, task_id=pd_to_gbq_task, execution_date=20240315T211216, start_date=20240315T211754, end_date=20240315T211806
[2024-03-15T21:18:06.810+0000] {local_task_job_runner.py:234} INFO - Task exited with return code 0
[2024-03-15T21:18:06.829+0000] {taskinstance.py:3280} INFO - 0 downstream tasks scheduled from follow-on schedule check
